<?xml version="1.0" encoding="UTF-8"?>
<!-- Generated by org.testng.reporters.JUnitReportReporter -->
<testsuite skipped="0" hostname="DESKTOP-HS53FVT" name="com.qa.test.APITest" tests="1" failures="0" timestamp="09 Apr 2018 02:06:37 GMT" time="1.818" errors="0">
  <testcase name="testPostApi" time="1.818" classname="com.qa.test.APITest"/>
</testsuite> <!-- com.qa.test.APITest -->
