<?xml version="1.0" encoding="UTF-8"?>
<!-- Generated by org.testng.reporters.JUnitReportReporter -->
<testsuite skipped="0" hostname="DESKTOP-HS53FVT" name="com.qa.test.GetAPITest" tests="1" failures="0" timestamp="09 Apr 2018 02:01:15 GMT" time="3.394" errors="0">
  <testcase name="testPostApi" time="3.394" classname="com.qa.test.GetAPITest"/>
</testsuite> <!-- com.qa.test.GetAPITest -->
